# JRE version: OpenJDK Runtime Environment Zulu17.30+15-CA (17.0.1+12) (build 17.0.1+12-LTS)
# Java VM: OpenJDK 64-Bit Server VM Zulu17.30+15-CA (17.0.1+12-LTS, mixed mode, sharing, tiered, compressed oops, compressed class ptrs, g1 gc, windows-amd64)
GC Precious Log:
 CPUs: 12 total, 12 available
 Memory: 16215M
 Large Page Support: Disabled
 NUMA Support: Disabled
 Compressed Oops: Enabled (Zero based)
 Heap Region Size: 2M
 Heap Min Capacity: 8M
 Heap Initial Capacity: 8M
 Heap Max Capacity: 4054M
 Pre-touch: Disabled
 Parallel Workers: 10
 Concurrent Workers: 3
 Concurrent Refinement Workers: 10
 Periodic GC: Disabled
Heap:
 garbage-first heap   total 100352K, used 48671K [0x0000000702a00000, 0x0000000800000000)
  region size 2048K, 11 young (22528K), 2 survivors (4096K)
 Metaspace       used 15693K, committed 15936K, reserved 1064960K
  class space    used 1666K, committed 1792K, reserved 1048576K
GC Heap History (20 events):
Event: 2.335 GC heap before
{Heap before GC invocations=16 (full 0):
 garbage-first heap   total 43008K, used 25197K [0x0000000702a00000, 0x0000000800000000)
  region size 2048K, 6 young (12288K), 1 survivors (2048K)
 Metaspace       used 10385K, committed 10560K, reserved 1064960K
  class space    used 1173K, committed 1280K, reserved 1048576K
}
Event: 2.347 GC heap after
{Heap after GC invocations=17 (full 0):
 garbage-first heap   total 43008K, used 17410K [0x0000000702a00000, 0x0000000800000000)
  region size 2048K, 1 young (2048K), 1 survivors (2048K)
 Metaspace       used 10385K, committed 10560K, reserved 1064960K
  class space    used 1173K, committed 1280K, reserved 1048576K
}
Event: 2.603 GC heap before
{Heap before GC invocations=17 (full 0):
 garbage-first heap   total 43008K, used 25602K [0x0000000702a00000, 0x0000000800000000)
  region size 2048K, 5 young (10240K), 1 survivors (2048K)
 Metaspace       used 10529K, committed 10752K, reserved 1064960K
  class space    used 1173K, committed 1280K, reserved 1048576K
}
Event: 2.614 GC heap after
{Heap after GC invocations=18 (full 0):
 garbage-first heap   total 43008K, used 18935K [0x0000000702a00000, 0x0000000800000000)
  region size 2048K, 1 young (2048K), 1 survivors (2048K)
 Metaspace       used 10529K, committed 10752K, reserved 1064960K
  class space    used 1173K, committed 1280K, reserved 1048576K
}
Event: 3.065 GC heap before
{Heap before GC invocations=18 (full 0):
 garbage-first heap   total 43008K, used 27127K [0x0000000702a00000, 0x0000000800000000)
  region size 2048K, 5 young (10240K), 1 survivors (2048K)
 Metaspace       used 10807K, committed 11072K, reserved 1064960K
  class space    used 1194K, committed 1344K, reserved 1048576K
}
Event: 3.077 GC heap after
{Heap after GC invocations=19 (full 0):
 garbage-first heap   total 43008K, used 20365K [0x0000000702a00000, 0x0000000800000000)
  region size 2048K, 1 young (2048K), 1 survivors (2048K)
 Metaspace       used 10807K, committed 11072K, reserved 1064960K
  class space    used 1194K, committed 1344K, reserved 1048576K
}
Event: 3.437 GC heap before
{Heap before GC invocations=19 (full 0):
 garbage-first heap   total 43008K, used 28557K [0x0000000702a00000, 0x0000000800000000)
  region size 2048K, 5 young (10240K), 1 survivors (2048K)
 Metaspace       used 11782K, committed 12032K, reserved 1064960K
  class space    used 1306K, committed 1408K, reserved 1048576K
}
Event: 3.446 GC heap after
{Heap after GC invocations=20 (full 0):
 garbage-first heap   total 69632K, used 21823K [0x0000000702a00000, 0x0000000800000000)
  region size 2048K, 1 young (2048K), 1 survivors (2048K)
 Metaspace       used 11782K, committed 12032K, reserved 1064960K
  class space    used 1306K, committed 1408K, reserved 1048576K
}
Event: 3.697 GC heap before
{Heap before GC invocations=21 (full 0):
 garbage-first heap   total 69632K, used 48447K [0x0000000702a00000, 0x0000000800000000)
  region size 2048K, 13 young (26624K), 1 survivors (2048K)
 Metaspace       used 11833K, committed 12032K, reserved 1064960K
  class space    used 1306K, committed 1408K, reserved 1048576K
}
Event: 3.714 GC heap after
{Heap after GC invocations=22 (full 0):
 garbage-first heap   total 69632K, used 27399K [0x0000000702a00000, 0x0000000800000000)
  region size 2048K, 2 young (4096K), 2 survivors (4096K)
 Metaspace       used 11833K, committed 12032K, reserved 1064960K
  class space    used 1306K, committed 1408K, reserved 1048576K
}
Event: 4.024 GC heap before
{Heap before GC invocations=22 (full 0):
 garbage-first heap   total 69632K, used 47879K [0x0000000702a00000, 0x0000000800000000)
  region size 2048K, 12 young (24576K), 2 survivors (4096K)
 Metaspace       used 12794K, committed 13056K, reserved 1064960K
  class space    used 1444K, committed 1600K, reserved 1048576K
}
Event: 4.046 GC heap after
{Heap after GC invocations=23 (full 0):
 garbage-first heap   total 69632K, used 29893K [0x0000000702a00000, 0x0000000800000000)
  region size 2048K, 2 young (4096K), 2 survivors (4096K)
 Metaspace       used 12794K, committed 13056K, reserved 1064960K
  class space    used 1444K, committed 1600K, reserved 1048576K
}
Event: 4.847 GC heap before
{Heap before GC invocations=23 (full 0):
 garbage-first heap   total 69632K, used 48325K [0x0000000702a00000, 0x0000000800000000)
  region size 2048K, 11 young (22528K), 2 survivors (4096K)
 Metaspace       used 15012K, committed 15232K, reserved 1064960K
  class space    used 1661K, committed 1792K, reserved 1048576K
}
Event: 4.858 GC heap after
{Heap after GC invocations=24 (full 0):
 garbage-first heap   total 69632K, used 31336K [0x0000000702a00000, 0x0000000800000000)
  region size 2048K, 1 young (2048K), 1 survivors (2048K)
 Metaspace       used 15012K, committed 15232K, reserved 1064960K
  class space    used 1661K, committed 1792K, reserved 1048576K
}
Event: 5.332 GC heap before
{Heap before GC invocations=24 (full 0):
 garbage-first heap   total 69632K, used 49768K [0x0000000702a00000, 0x0000000800000000)
  region size 2048K, 10 young (20480K), 1 survivors (2048K)
 Metaspace       used 15247K, committed 15488K, reserved 1064960K
  class space    used 1666K, committed 1792K, reserved 1048576K
}
Event: 5.339 GC heap after
{Heap after GC invocations=25 (full 0):
 garbage-first heap   total 69632K, used 31644K [0x0000000702a00000, 0x0000000800000000)
  region size 2048K, 1 young (2048K), 1 survivors (2048K)
 Metaspace       used 15247K, committed 15488K, reserved 1064960K
  class space    used 1666K, committed 1792K, reserved 1048576K
}
Event: 5.969 GC heap before
{Heap before GC invocations=25 (full 0):
 garbage-first heap   total 69632K, used 50076K [0x0000000702a00000, 0x0000000800000000)
  region size 2048K, 11 young (22528K), 1 survivors (2048K)
 Metaspace       used 15428K, committed 15680K, reserved 1064960K
  class space    used 1666K, committed 1792K, reserved 1048576K
}
Event: 5.977 GC heap after
{Heap after GC invocations=26 (full 0):
 garbage-first heap   total 100352K, used 31876K [0x0000000702a00000, 0x0000000800000000)
  region size 2048K, 2 young (4096K), 2 survivors (4096K)
 Metaspace       used 15428K, committed 15680K, reserved 1064960K
  class space    used 1666K, committed 1792K, reserved 1048576K
}
Event: 7.097 GC heap before
{Heap before GC invocations=26 (full 0):
 garbage-first heap   total 100352K, used 74884K [0x0000000702a00000, 0x0000000800000000)
  region size 2048K, 23 young (47104K), 2 survivors (4096K)
 Metaspace       used 15630K, committed 15872K, reserved 1064960K
  class space    used 1666K, committed 1792K, reserved 1048576K
}
Event: 7.104 GC heap after
{Heap after GC invocations=27 (full 0):
 garbage-first heap   total 100352K, used 32287K [0x0000000702a00000, 0x0000000800000000)
  region size 2048K, 2 young (4096K), 2 survivors (4096K)
 Metaspace       used 15630K, committed 15872K, reserved 1064960K
  class space    used 1666K, committed 1792K, reserved 1048576K
}

